This file contains any messages produced by compilers while
running configure, to aid debugging if configure makes a mistake.

It was created by JRI configure 0.1, which was
generated by GNU Autoconf 2.59.  Invocation command line was

  $ ./configure 

## --------- ##
## Platform. ##
## --------- ##

hostname = panda
uname -m = i686
uname -r = 2.6.15-23-386
uname -s = Linux
uname -v = #1 PREEMPT Tue May 23 13:49:40 UTC 2006

/usr/bin/uname -p = unknown
/bin/uname -X     = unknown

/bin/arch              = i686
/usr/bin/arch -k       = unknown
/usr/convex/getsysinfo = unknown
hostinfo               = unknown
/bin/machine           = unknown
/usr/bin/oslevel       = unknown
/bin/universe          = unknown

PATH: /home/rajarshi/bin
PATH: /usr/local/adapt/bin
PATH: /usr/local/share/java/jdk1.5.0/bin
PATH: /usr/local/share/java/ant1.6.2/bin
PATH: /usr/local/share/javacc/bin
PATH: /usr/local/sbin
PATH: /usr/local/bin
PATH: /usr/sbin
PATH: /usr/bin
PATH: /sbin
PATH: /bin
PATH: /usr/bin/X11
PATH: /usr/games


## ----------- ##
## Core tests. ##
## ----------- ##

configure:1304: checking build system type
configure:1322: result: i686-pc-linux-gnu
configure:1330: checking host system type
configure:1344: result: i686-pc-linux-gnu
configure:1452: checking for gcc
configure:1478: result: gcc
configure:1722: checking for C compiler version
configure:1725: gcc --version </dev/null >&5
gcc (GCC) 4.0.3 (Ubuntu 4.0.3-1ubuntu5)
Copyright (C) 2006 Free Software Foundation, Inc.
This is free software; see the source for copying conditions.  There is NO
warranty; not even for MERCHANTABILITY or FITNESS FOR A PARTICULAR PURPOSE.

configure:1728: $? = 0
configure:1730: gcc -v </dev/null >&5
Using built-in specs.
Target: i486-linux-gnu
Configured with: ../src/configure -v --enable-languages=c,c++,java,f95,objc,ada,treelang --prefix=/usr --enable-shared --with-system-zlib --libexecdir=/usr/lib --without-included-gettext --enable-threads=posix --enable-nls --program-suffix=-4.0 --enable-__cxa_atexit --enable-clocale=gnu --enable-libstdcxx-debug --enable-java-awt=gtk-default --enable-gtk-cairo --with-java-home=/usr/lib/jvm/java-1.4.2-gcj-4.0-1.4.2.0/jre --enable-mpfr --disable-werror --with-tune=pentium4 --enable-checking=release i486-linux-gnu
Thread model: posix
gcc version 4.0.3 (Ubuntu 4.0.3-1ubuntu5)
configure:1733: $? = 0
configure:1735: gcc -V </dev/null >&5
gcc: '-V' option must have argument
configure:1738: $? = 1
configure:1761: checking for C compiler default output file name
configure:1764: gcc -D_FILE_OFFSET_BITS=64 -D_LARGEFILE64_SOURCE -D_LARGEFILE_SOURCE -g -O2   conftest.c  >&5
configure:1767: $? = 0
configure:1813: result: a.out
configure:1818: checking whether the C compiler works
configure:1824: ./a.out
configure:1827: $? = 0
configure:1844: result: yes
configure:1851: checking whether we are cross compiling
configure:1853: result: no
configure:1856: checking for suffix of executables
configure:1858: gcc -o conftest -D_FILE_OFFSET_BITS=64 -D_LARGEFILE64_SOURCE -D_LARGEFILE_SOURCE -g -O2   conftest.c  >&5
configure:1861: $? = 0
configure:1886: result: 
configure:1892: checking for suffix of object files
configure:1913: gcc -c -D_FILE_OFFSET_BITS=64 -D_LARGEFILE64_SOURCE -D_LARGEFILE_SOURCE -g -O2  conftest.c >&5
configure:1916: $? = 0
configure:1938: result: o
configure:1942: checking whether we are using the GNU C compiler
configure:1966: gcc -c -D_FILE_OFFSET_BITS=64 -D_LARGEFILE64_SOURCE -D_LARGEFILE_SOURCE -g -O2  conftest.c >&5
configure:1972: $? = 0
configure:1976: test -z 
			 || test ! -s conftest.err
configure:1979: $? = 0
configure:1982: test -s conftest.o
configure:1985: $? = 0
configure:1998: result: yes
configure:2004: checking whether gcc accepts -g
configure:2025: gcc -c -g  conftest.c >&5
configure:2031: $? = 0
configure:2035: test -z 
			 || test ! -s conftest.err
configure:2038: $? = 0
configure:2041: test -s conftest.o
configure:2044: $? = 0
configure:2055: result: yes
configure:2072: checking for gcc option to accept ANSI C
configure:2142: gcc  -c -D_FILE_OFFSET_BITS=64 -D_LARGEFILE64_SOURCE -D_LARGEFILE_SOURCE -g -O2  conftest.c >&5
configure:2148: $? = 0
configure:2152: test -z 
			 || test ! -s conftest.err
configure:2155: $? = 0
configure:2158: test -s conftest.o
configure:2161: $? = 0
configure:2179: result: none needed
configure:2197: gcc -c -D_FILE_OFFSET_BITS=64 -D_LARGEFILE64_SOURCE -D_LARGEFILE_SOURCE -g -O2  conftest.c >&5
conftest.c:2: error: syntax error before 'me'
configure:2203: $? = 1
configure: failed program was:
| #ifndef __cplusplus
|   choke me
| #endif
configure:2342: checking how to run the C preprocessor
configure:2377: gcc -E  conftest.c
configure:2383: $? = 0
configure:2415: gcc -E  conftest.c
conftest.c:9:28: error: ac_nonexistent.h: No such file or directory
configure:2421: $? = 1
configure: failed program was:
| /* confdefs.h.  */
| 
| #define PACKAGE_NAME "JRI"
| #define PACKAGE_TARNAME "jri"
| #define PACKAGE_VERSION "0.1"
| #define PACKAGE_STRING "JRI 0.1"
| #define PACKAGE_BUGREPORT "urbanek@research.att.com"
| /* end confdefs.h.  */
| #include <ac_nonexistent.h>
configure:2460: result: gcc -E
configure:2484: gcc -E  conftest.c
configure:2490: $? = 0
configure:2522: gcc -E  conftest.c
conftest.c:9:28: error: ac_nonexistent.h: No such file or directory
configure:2528: $? = 1
configure: failed program was:
| /* confdefs.h.  */
| 
| #define PACKAGE_NAME "JRI"
| #define PACKAGE_TARNAME "jri"
| #define PACKAGE_VERSION "0.1"
| #define PACKAGE_STRING "JRI 0.1"
| #define PACKAGE_BUGREPORT "urbanek@research.att.com"
| /* end confdefs.h.  */
| #include <ac_nonexistent.h>
configure:2572: checking for egrep
configure:2582: result: grep -E
configure:2587: checking for ANSI C header files
configure:2612: gcc -c -D_FILE_OFFSET_BITS=64 -D_LARGEFILE64_SOURCE -D_LARGEFILE_SOURCE -g -O2  conftest.c >&5
configure:2618: $? = 0
configure:2622: test -z 
			 || test ! -s conftest.err
configure:2625: $? = 0
configure:2628: test -s conftest.o
configure:2631: $? = 0
configure:2720: gcc -o conftest -D_FILE_OFFSET_BITS=64 -D_LARGEFILE64_SOURCE -D_LARGEFILE_SOURCE -g -O2   conftest.c  >&5
conftest.c: In function 'main':
conftest.c:26: warning: incompatible implicit declaration of built-in function 'exit'
configure:2723: $? = 0
configure:2725: ./conftest
configure:2728: $? = 0
configure:2743: result: yes
configure:2774: checking for java
configure:2792: found /usr/local/share/java/jdk1.5.0/bin/java
configure:2804: result: /usr/local/share/java/jdk1.5.0/bin/java
configure:2819: checking for javac
configure:2837: found /usr/local/share/java/jdk1.5.0/bin/javac
configure:2849: result: /usr/local/share/java/jdk1.5.0/bin/javac
configure:2863: checking for javah
configure:2881: found /usr/local/share/java/jdk1.5.0/bin/javah
configure:2893: result: /usr/local/share/java/jdk1.5.0/bin/javah
configure:2907: checking for jar
configure:2925: found /usr/local/share/java/jdk1.5.0/bin/jar
configure:2937: result: /usr/local/share/java/jdk1.5.0/bin/jar
configure:2951: checking whether Java interpreter works
configure:2960: running /usr/local/share/java/jdk1.5.0/bin/java -classpath tools getsp -test
configure:2962: output: 'Test1234OK'
configure:2973: result: yes
configure:2976: checking for Java environment
configure:3000: result: in /usr/local/share/java/jdk1.5.0
configure:3014: running /usr/local/share/java/jdk1.5.0/bin/java -classpath tools getsp -libs
configure:3016: output: '-L/usr/local/share/java/jdk1.5.0/jre/lib/i386/client -L/usr/local/share/java/jdk1.5.0/jre/lib/i386 -L/usr/local/share/java/jdk1.5.0/jre/../lib/i386 -L/usr/local/adapt/lib -L/usr/local/lib/R/library/SJava/libs -L/usr/local/share/java/jdk1.5.0/jre/lib/i386/client -L/usr/local/share/java/ -L/opt/intel/fc/9.1/lib'
configure:3026: running /usr/local/share/java/jdk1.5.0/bin/java -classpath tools getsp java.library.path
configure:3028: output: '/usr/local/share/java/jdk1.5.0/jre/lib/i386/client:/usr/local/share/java/jdk1.5.0/jre/lib/i386:/usr/local/share/java/jdk1.5.0/jre/../lib/i386:/usr/local/adapt/lib:/usr/local/lib/R/library/SJava/libs:/usr/local/share/java/jdk1.5.0/jre/lib/i386/client:/usr/local/share/java/:/opt/intel/fc/9.1/lib'
configure:3048: checking for /usr/local/share/java/jdk1.5.0/include/jni.h
configure:3063: result: yes
configure:3132: checking for /usr/local/share/java/jdk1.5.0/include/./jni_md.h
configure:3147: result: no
configure:3132: checking for /usr/local/share/java/jdk1.5.0/include/linux/jni_md.h
configure:3147: result: yes
configure:3159: checking whether JNI programs can be compiled
configure:3171: gcc -o conftest -D_FILE_OFFSET_BITS=64 -D_LARGEFILE64_SOURCE -D_LARGEFILE_SOURCE -g -O2 -I/usr/local/share/java/jdk1.5.0/include -I/usr/local/share/java/jdk1.5.0/include/linux   conftest.c  -L/usr/local/share/java/jdk1.5.0/jre/lib/i386/client -L/usr/local/share/java/jdk1.5.0/jre/lib/i386 -L/usr/local/share/java/jdk1.5.0/jre/../lib/i386 -L/usr/local/adapt/lib -L/usr/local/lib/R/library/SJava/libs -L/usr/local/share/java/jdk1.5.0/jre/lib/i386/client -L/usr/local/share/java/ -L/opt/intel/fc/9.1/lib -ljvm >&5
configure:3177: $? = 0
configure:3181: test -z 
			 || test ! -s conftest.err
configure:3184: $? = 0
configure:3187: test -s conftest
configure:3190: $? = 0
configure:3192: result: yes
configure:3208: checking whether JNI programs can be run
configure:3227: gcc -o conftest -D_FILE_OFFSET_BITS=64 -D_LARGEFILE64_SOURCE -D_LARGEFILE_SOURCE -g -O2 -I/usr/local/share/java/jdk1.5.0/include -I/usr/local/share/java/jdk1.5.0/include/linux   conftest.c  -L/usr/local/share/java/jdk1.5.0/jre/lib/i386/client -L/usr/local/share/java/jdk1.5.0/jre/lib/i386 -L/usr/local/share/java/jdk1.5.0/jre/../lib/i386 -L/usr/local/adapt/lib -L/usr/local/lib/R/library/SJava/libs -L/usr/local/share/java/jdk1.5.0/jre/lib/i386/client -L/usr/local/share/java/ -L/opt/intel/fc/9.1/lib -ljvm >&5
configure:3230: $? = 0
configure:3232: ./conftest
configure:3235: $? = 0
configure:3237: result: yes
configure:3252: checking JNI data types
configure:3275: gcc -o conftest -D_FILE_OFFSET_BITS=64 -D_LARGEFILE64_SOURCE -D_LARGEFILE_SOURCE -g -O2 -I/usr/local/share/java/jdk1.5.0/include -I/usr/local/share/java/jdk1.5.0/include/linux   conftest.c  -L/usr/local/share/java/jdk1.5.0/jre/lib/i386/client -L/usr/local/share/java/jdk1.5.0/jre/lib/i386 -L/usr/local/share/java/jdk1.5.0/jre/../lib/i386 -L/usr/local/adapt/lib -L/usr/local/lib/R/library/SJava/libs -L/usr/local/share/java/jdk1.5.0/jre/lib/i386/client -L/usr/local/share/java/ -L/opt/intel/fc/9.1/lib -ljvm >&5
configure:3278: $? = 0
configure:3280: ./conftest
configure:3283: $? = 0
configure:3285: result: ok
configure:3332: checking whether Rinterface.h exports R_CStackXXX variables
configure:3345: gcc -c -D_FILE_OFFSET_BITS=64 -D_LARGEFILE64_SOURCE -D_LARGEFILE_SOURCE -g -O2 -I/usr/local/share/java/jdk1.5.0/include -I/usr/local/share/java/jdk1.5.0/include/linux -D_FILE_OFFSET_BITS=64 -D_LARGEFILE64_SOURCE -D_LARGEFILE_SOURCE -g -O2 -I/usr/local/lib/R/include  conftest.c >&5
conftest.c: In function 'main':
conftest.c:6: error: 'R_CStackLimit' undeclared (first use in this function)
conftest.c:6: error: (Each undeclared identifier is reported only once
conftest.c:6: error: for each function it appears in.)
configure:3351: $? = 1
configure: failed program was:
| 
| #define CSTACK_DEFNS
| #include <R.h>
| #include <Rinterface.h>
| int main(void) {
|     return R_CStackLimit?0:1;
| }
| 
configure:3373: result: no
configure:3378: checking whether Rinterface.h exports R_SignalHandlers
configure:3390: gcc -c -D_FILE_OFFSET_BITS=64 -D_LARGEFILE64_SOURCE -D_LARGEFILE_SOURCE -g -O2 -I/usr/local/share/java/jdk1.5.0/include -I/usr/local/share/java/jdk1.5.0/include/linux -D_FILE_OFFSET_BITS=64 -D_LARGEFILE64_SOURCE -D_LARGEFILE_SOURCE -g -O2 -I/usr/local/lib/R/include  conftest.c >&5
conftest.c: In function 'main':
conftest.c:5: error: 'R_SignalHandlers' undeclared (first use in this function)
conftest.c:5: error: (Each undeclared identifier is reported only once
conftest.c:5: error: for each function it appears in.)
configure:3396: $? = 1
configure: failed program was:
| 
| #include <R.h>
| #include <Rinterface.h>
| int main(void) {
|     return R_SignalHandlers;
| }
| 
configure:3418: result: no
configure:3546: creating ./config.status

## ---------------------- ##
## Running config.status. ##
## ---------------------- ##

This file was extended by JRI config.status 0.1, which was
generated by GNU Autoconf 2.59.  Invocation command line was

  CONFIG_FILES    = 
  CONFIG_HEADERS  = 
  CONFIG_LINKS    = 
  CONFIG_COMMANDS = 
  $ ./config.status 

on panda

config.status:670: creating src/Makefile
config.status:670: creating Makefile
config.status:670: creating run
config.status:777: creating src/config.h
config.status:861: src/config.h is unchanged

## ---------------- ##
## Cache variables. ##
## ---------------- ##

ac_cv_build=i686-pc-linux-gnu
ac_cv_build_alias=i686-pc-linux-gnu
ac_cv_c_compiler_gnu=yes
ac_cv_env_CC_set=
ac_cv_env_CC_value=
ac_cv_env_CFLAGS_set=
ac_cv_env_CFLAGS_value=
ac_cv_env_CPPFLAGS_set=
ac_cv_env_CPPFLAGS_value=
ac_cv_env_CPP_set=
ac_cv_env_CPP_value=
ac_cv_env_LDFLAGS_set=
ac_cv_env_LDFLAGS_value=
ac_cv_env_build_alias_set=
ac_cv_env_build_alias_value=
ac_cv_env_host_alias_set=
ac_cv_env_host_alias_value=
ac_cv_env_target_alias_set=
ac_cv_env_target_alias_value=
ac_cv_exeext=
ac_cv_file__usr_local_share_java_jdk1_5_0_include___jni_md_h=no
ac_cv_file__usr_local_share_java_jdk1_5_0_include_jni_h=yes
ac_cv_file__usr_local_share_java_jdk1_5_0_include_linux_jni_md_h=yes
ac_cv_header_stdc=yes
ac_cv_host=i686-pc-linux-gnu
ac_cv_host_alias=i686-pc-linux-gnu
ac_cv_objext=o
ac_cv_path_JAR=/usr/local/share/java/jdk1.5.0/bin/jar
ac_cv_path_JAVAC=/usr/local/share/java/jdk1.5.0/bin/javac
ac_cv_path_JAVAH=/usr/local/share/java/jdk1.5.0/bin/javah
ac_cv_path_JAVA_PROG=/usr/local/share/java/jdk1.5.0/bin/java
ac_cv_prog_CPP='gcc -E'
ac_cv_prog_ac_ct_CC=gcc
ac_cv_prog_cc_g=yes
ac_cv_prog_cc_stdc=
ac_cv_prog_egrep='grep -E'

## ----------------- ##
## Output variables. ##
## ----------------- ##

CC='gcc'
CFLAGS='-D_FILE_OFFSET_BITS=64 -D_LARGEFILE64_SOURCE -D_LARGEFILE_SOURCE -g -O2 -I/usr/local/share/java/jdk1.5.0/include -I/usr/local/share/java/jdk1.5.0/include/linux'
CPICF='-fPIC'
CPP='gcc -E'
CPPFLAGS=''
DEFFLAGS=''
DEFS='-DHAVE_CONFIG_H'
ECHO_C=''
ECHO_N='-n'
ECHO_T=''
EGREP='grep -E'
EXEEXT=''
JAR='/usr/local/share/java/jdk1.5.0/bin/jar'
JAVAC='/usr/local/share/java/jdk1.5.0/bin/javac'
JAVAH='/usr/local/share/java/jdk1.5.0/bin/javah'
JAVA_HOME='/usr/local/share/java/jdk1.5.0'
JAVA_INC='-I/usr/local/share/java/jdk1.5.0/include -I/usr/local/share/java/jdk1.5.0/include/linux'
JAVA_LD_PATH='/usr/local/share/java/jdk1.5.0/jre/lib/i386/client:/usr/local/share/java/jdk1.5.0/jre/lib/i386:/usr/local/share/java/jdk1.5.0/jre/../lib/i386:/usr/local/adapt/lib:/usr/local/lib/R/library/SJava/libs:/usr/local/share/java/jdk1.5.0/jre/lib/i386/client:/usr/local/share/java/:/opt/intel/fc/9.1/lib'
JAVA_LIBS='-L/usr/local/share/java/jdk1.5.0/jre/lib/i386/client -L/usr/local/share/java/jdk1.5.0/jre/lib/i386 -L/usr/local/share/java/jdk1.5.0/jre/../lib/i386 -L/usr/local/adapt/lib -L/usr/local/lib/R/library/SJava/libs -L/usr/local/share/java/jdk1.5.0/jre/lib/i386/client -L/usr/local/share/java/ -L/opt/intel/fc/9.1/lib -ljvm'
JAVA_PROG='/usr/local/share/java/jdk1.5.0/bin/java'
JNILD='-shared -L/usr/local/share/java/jdk1.5.0/jre/lib/i386/client -L/usr/local/share/java/jdk1.5.0/jre/lib/i386 -L/usr/local/share/java/jdk1.5.0/jre/../lib/i386 -L/usr/local/adapt/lib -L/usr/local/lib/R/library/SJava/libs -L/usr/local/share/java/jdk1.5.0/jre/lib/i386/client -L/usr/local/share/java/ -L/opt/intel/fc/9.1/lib -ljvm'
JNIPREFIX='lib'
JNISO='.so'
LDFLAGS=''
LIBOBJS=''
LIBS=' -L/usr/local/share/java/jdk1.5.0/jre/lib/i386/client -L/usr/local/share/java/jdk1.5.0/jre/lib/i386 -L/usr/local/share/java/jdk1.5.0/jre/../lib/i386 -L/usr/local/adapt/lib -L/usr/local/lib/R/library/SJava/libs -L/usr/local/share/java/jdk1.5.0/jre/lib/i386/client -L/usr/local/share/java/ -L/opt/intel/fc/9.1/lib -ljvm'
LTLIBOBJS=''
OBJEXT='o'
PACKAGE_BUGREPORT='urbanek@research.att.com'
PACKAGE_NAME='JRI'
PACKAGE_STRING='JRI 0.1'
PACKAGE_TARNAME='jri'
PACKAGE_VERSION='0.1'
PATH_SEPARATOR=':'
RINC='-I/usr/local/lib/R/include'
RLD='-L/usr/local/lib/R/lib -lR'
R_DOC_DIR='/usr/local/lib/R/doc'
R_HOME='/usr/local/lib/R'
R_INCLUDE_DIR='/usr/local/lib/R/include'
R_SHARE_DIR='/usr/local/lib/R/share'
SHELL='/bin/sh'
ac_ct_CC='gcc'
bindir='${exec_prefix}/bin'
build='i686-pc-linux-gnu'
build_alias=''
build_cpu='i686'
build_os='linux-gnu'
build_vendor='pc'
datadir='${prefix}/share'
exec_prefix='${prefix}'
host='i686-pc-linux-gnu'
host_alias=''
host_cpu='i686'
host_os='linux-gnu'
host_vendor='pc'
includedir='${prefix}/include'
infodir='${prefix}/info'
libdir='${exec_prefix}/lib'
libexecdir='${exec_prefix}/libexec'
localstatedir='${prefix}/var'
mandir='${prefix}/man'
oldincludedir='/usr/include'
prefix='/usr/local'
program_transform_name='s,x,x,'
sbindir='${exec_prefix}/sbin'
sharedstatedir='${prefix}/com'
sysconfdir='${prefix}/etc'
target_alias=''

## ----------- ##
## confdefs.h. ##
## ----------- ##

#define PACKAGE_BUGREPORT "urbanek@research.att.com"
#define PACKAGE_NAME "JRI"
#define PACKAGE_STRING "JRI 0.1"
#define PACKAGE_TARNAME "jri"
#define PACKAGE_VERSION "0.1"
#define STDC_HEADERS 1

configure: exit 0
